<?xml version="1.0" encoding="UTF-8"?>
<!-- Generated by org.testng.reporters.JUnitReportReporter -->
<testsuite hostname="DESKTOP-NS89F91" failures="0" tests="1" name="testScripts.LoginTest" time="64.604" errors="0" timestamp="2021-09-27T22:45:18 EDT" skipped="0">
  <testcase classname="testScripts.LoginTest" name="loginTestCase" time="64.604"/>
  <system-out/>
</testsuite> <!-- testScripts.LoginTest -->
