<?xml version="1.0" encoding="UTF-8"?>
<!-- Generated by org.testng.reporters.JUnitReportReporter -->
<testsuite hostname="DESKTOP-NS89F91" failures="0" tests="1" name="testScripts.Sample" time="2.651" errors="0" timestamp="2021-09-10T22:20:48 EDT" skipped="0">
  <testcase classname="testScripts.Sample" name="test" time="2.651"/>
  <system-out/>
</testsuite> <!-- testScripts.Sample -->
