<?xml version="1.0" encoding="UTF-8"?>
<!-- Generated by org.testng.reporters.JUnitReportReporter -->
<testsuite skipped="0" hostname="DESKTOP-NS89F91" name="testScripts.LoginTest" tests="1" failures="0" timestamp="2021-09-30T22:22:49 EDT" time="80.430" errors="0">
  <testcase name="loginTestCase" time="80.430" classname="testScripts.LoginTest"/>
  <system-out/>
</testsuite> <!-- testScripts.LoginTest -->
